[    0.000000] Initializing cgroup subsys cpuset
[    0.000000] Initializing cgroup subsys cpu
[    0.000000] Initializing cgroup subsys cpuacct
[    0.000000] Linux version 4.4.0-103-generic (buildd@lcy01-amd64-001) (gcc version 5.4.0 20160609 (Ubuntu 5.4.0-6ubuntu1~16.04.5) ) #126-Ubuntu SMP Mon Dec 4 16:23:28 UTC 2017 (Ubuntu 4.4.0-103.126-generic 4.4.98)
[    0.000000] Command line: BOOT_IMAGE=/boot/vmlinuz-4.4.0-103-generic root=UUID=dd592669-1495-424f-bb4a-f218e625c930 ro console=tty1 console=ttyS0
[    0.000000] KERNEL supported cpus:
[    0.000000]   Intel GenuineIntel
[    0.000000]   AMD AuthenticAMD
[    0.000000]   Centaur CentaurHauls
[    0.000000] ------------[ cut here ]------------
[    0.000000] WARNING: CPU: 0 PID: 0 at /build/linux-yM3O3R/linux-4.4.0/arch/x86/kernel/fpu/xstate.c:517 fpu__init_system_xstate+0x38b/0x75a()
[    0.000000] XSAVE consistency problem, dumping leaves
[    0.000000] Modules linked in:
[    0.000000] CPU: 0 PID: 0 Comm: swapper Not tainted 4.4.0-103-generic #126-Ubuntu
[    0.000000]  0000000000000086 edc64a46fecd98c5 ffffffff81e03d80 ffffffff813fb523
[    0.000000]  ffffffff81e03dc8 ffffffff81caaa28 ffffffff81e03db8 ffffffff810812e2
[    0.000000]  ffffffff81e03e48 ffffffff81e03e4c 0000000000000008 0000000000000100
[    0.000000] Call Trace:
[    0.000000]  [<ffffffff813fb523>] dump_stack+0x63/0x90
[    0.000000]  [<ffffffff810812e2>] warn_slowpath_common+0x82/0xc0
[    0.000000]  [<ffffffff8108137c>] warn_slowpath_fmt+0x5c/0x80
[    0.000000]  [<ffffffff8107cff0>] ? xfeature_size+0x59/0x77
[    0.000000]  [<ffffffff81f6d20b>] fpu__init_system_xstate+0x38b/0x75a
[    0.000000]  [<ffffffff81f5d120>] ? early_idt_handler_array+0x120/0x120
[    0.000000]  [<ffffffff81f6cb76>] fpu__init_system+0x10d/0x245
[    0.000000]  [<ffffffff81f6dc7f>] early_cpu_init+0x139/0x13e
[    0.000000]  [<ffffffff81f6dc7f>] ? early_cpu_init+0x139/0x13e
[    0.000000]  [<ffffffff81f69181>] setup_arch+0xb4/0xcf6
[    0.000000]  [<ffffffff81f5d120>] ? early_idt_handler_array+0x120/0x120
[    0.000000]  [<ffffffff81f5dc74>] start_kernel+0xe4/0x4a2
[    0.000000]  [<ffffffff81f5d120>] ? early_idt_handler_array+0x120/0x120
[    0.000000]  [<ffffffff81f5d339>] x86_64_start_reservations+0x2a/0x2c
[    0.000000]  [<ffffffff81f5d485>] x86_64_start_kernel+0x14a/0x16d
[    0.000000] ---[ end trace 4d5ff9f2f68c4233 ]---
[    0.000000] CPUID[0d, 00]: eax=00000007 ebx=00000440 ecx=00000440 edx=00000000
[    0.000000] CPUID[0d, 01]: eax=00000000 ebx=000003c0 ecx=00000000 edx=00000000
[    0.000000] CPUID[0d, 02]: eax=00000100 ebx=00000240 ecx=00000000 edx=00000000
[    0.000000] CPUID[0d, 03]: eax=00000000 ebx=00000000 ecx=00000000 edx=00000000
[    0.000000] CPUID[0d, 04]: eax=00000000 ebx=00000000 ecx=00000000 edx=00000000
[    0.000000] CPUID[0d, 05]: eax=00000000 ebx=00000000 ecx=00000000 edx=00000000
[    0.000000] CPUID[0d, 06]: eax=00000000 ebx=00000000 ecx=00000000 edx=00000000
[    0.000000] CPUID[0d, 07]: eax=00000000 ebx=00000000 ecx=00000000 edx=00000000
[    0.000000] CPUID[0d, 08]: eax=00000000 ebx=00000000 ecx=00000000 edx=00000000
[    0.000000] CPUID[0d, 09]: eax=00000000 ebx=00000000 ecx=00000000 edx=00000000
[    0.000000] CPUID[0d, 0a]: eax=00000000 ebx=00000000 ecx=00000000 edx=00000000
[    0.000000] CPUID[0d, 0b]: eax=00000000 ebx=00000000 ecx=00000000 edx=00000000
[    0.000000] CPUID[0d, 0c]: eax=00000000 ebx=00000000 ecx=00000000 edx=00000000
[    0.000000] CPUID[0d, 0d]: eax=00000000 ebx=00000000 ecx=00000000 edx=00000000
[    0.000000] CPUID[0d, 0e]: eax=00000000 ebx=00000000 ecx=00000000 edx=00000000
[    0.000000] CPUID[0d, 0f]: eax=00000000 ebx=00000000 ecx=00000000 edx=00000000
[    0.000000] CPUID[0d, 10]: eax=00000000 ebx=00000000 ecx=00000000 edx=00000000
[    0.000000] CPUID[0d, 11]: eax=00000000 ebx=00000000 ecx=00000000 edx=00000000
[    0.000000] x86/fpu: xstate_offset[2]:  576, xstate_sizes[2]:  256
[    0.000000] x86/fpu: Supporting XSAVE feature 0x01: 'x87 floating point registers'
[    0.000000] x86/fpu: Supporting XSAVE feature 0x02: 'SSE registers'
[    0.000000] x86/fpu: Supporting XSAVE feature 0x04: 'AVX registers'
[    0.000000] x86/fpu: Enabled xstate features 0x7, context size is 1088 bytes, using 'standard' format.
[    0.000000] x86/fpu: Using 'lazy' FPU context switches.
[    0.000000] e820: BIOS-provided physical RAM map:
[    0.000000] BIOS-e820: [mem 0x0000000000000000-0x000000000009fbff] usable
[    0.000000] BIOS-e820: [mem 0x000000000009fc00-0x000000000009ffff] reserved
[    0.000000] BIOS-e820: [mem 0x00000000000f0000-0x00000000000fffff] reserved
[    0.000000] BIOS-e820: [mem 0x0000000000100000-0x000000007ffeffff] usable
[    0.000000] BIOS-e820: [mem 0x000000007fff0000-0x000000007fffffff] ACPI data
[    0.000000] BIOS-e820: [mem 0x00000000fec00000-0x00000000fec00fff] reserved
[    0.000000] BIOS-e820: [mem 0x00000000fee00000-0x00000000fee00fff] reserved
[    0.000000] BIOS-e820: [mem 0x00000000fffc0000-0x00000000ffffffff] reserved
[    0.000000] NX (Execute Disable) protection: active
[    0.000000] SMBIOS 2.5 present.
[    0.000000] Hypervisor detected: KVM
[    0.000000] e820: last_pfn = 0x7fff0 max_arch_pfn = 0x400000000
[    0.000000] MTRR: Disabled
[    0.000000] x86/PAT: MTRRs disabled, skipping PAT initialization too.
[    0.000000] CPU MTRRs all blank - virtualized system.
[    0.000000] x86/PAT: Configuration [0-7]: WB  WT  UC- UC  WB  WT  UC- UC  
[    0.000000] found SMP MP-table at [mem 0x0009fff0-0x0009ffff] mapped at [ffff88000009fff0]
[    0.000000] Scanning 1 areas for low memory corruption
[    0.000000] RAMDISK: [mem 0x36232000-0x37110fff]
[    0.000000] ACPI: Early table checksum verification disabled
[    0.000000] ACPI: RSDP 0x00000000000E0000 000024 (v02 VBOX  )
[    0.000000] ACPI: XSDT 0x000000007FFF0030 00003C (v01 VBOX   VBOXXSDT 00000001 ASL  00000061)
[    0.000000] ACPI: FACP 0x000000007FFF00F0 0000F4 (v04 VBOX   VBOXFACP 00000001 ASL  00000061)
[    0.000000] ACPI: DSDT 0x000000007FFF0470 0021FF (v02 VBOX   VBOXBIOS 00000002 INTL 20100528)
[    0.000000] ACPI: FACS 0x000000007FFF0200 000040
[    0.000000] ACPI: FACS 0x000000007FFF0200 000040
[    0.000000] ACPI: APIC 0x000000007FFF0240 00005C (v02 VBOX   VBOXAPIC 00000001 ASL  00000061)
[    0.000000] ACPI: SSDT 0x000000007FFF02A0 0001CC (v01 VBOX   VBOXCPUT 00000002 INTL 20100528)
[    0.000000] No NUMA configuration found
[    0.000000] Faking a node at [mem 0x0000000000000000-0x000000007ffeffff]
[    0.000000] NODE_DATA(0) allocated [mem 0x7ffeb000-0x7ffeffff]
[    0.000000] kvm-clock: Using msrs 4b564d01 and 4b564d00
[    0.000000] kvm-clock: cpu 0, msr 0:7ffe3001, primary cpu clock
[    0.000000] kvm-clock: using sched offset of 3158190073 cycles
[    0.000000] clocksource: kvm-clock: mask: 0xffffffffffffffff max_cycles: 0x1cd42e4dffb, max_idle_ns: 881590591483 ns
[    0.000000] Zone ranges:
[    0.000000]   DMA      [mem 0x0000000000001000-0x0000000000ffffff]
[    0.000000]   DMA32    [mem 0x0000000001000000-0x000000007ffeffff]
[    0.000000]   Normal   empty
[    0.000000]   Device   empty
[    0.000000] Movable zone start for each node
[    0.000000] Early memory node ranges
[    0.000000]   node   0: [mem 0x0000000000001000-0x000000000009efff]
[    0.000000]   node   0: [mem 0x0000000000100000-0x000000007ffeffff]
[    0.000000] Initmem setup node 0 [mem 0x0000000000001000-0x000000007ffeffff]
[    0.000000] ACPI: PM-Timer IO Port: 0x4008
[    0.000000] IOAPIC[0]: apic_id 2, version 32, address 0xfec00000, GSI 0-23
[    0.000000] ACPI: INT_SRC_OVR (bus 0 bus_irq 0 global_irq 2 dfl dfl)
[    0.000000] ACPI: INT_SRC_OVR (bus 0 bus_irq 9 global_irq 9 high level)
[    0.000000] Using ACPI (MADT) for SMP configuration information
[    0.000000] smpboot: Allowing 2 CPUs, 0 hotplug CPUs
[    0.000000] PM: Registered nosave memory: [mem 0x00000000-0x00000fff]
[    0.000000] PM: Registered nosave memory: [mem 0x0009f000-0x0009ffff]
[    0.000000] PM: Registered nosave memory: [mem 0x000a0000-0x000effff]
[    0.000000] PM: Registered nosave memory: [mem 0x000f0000-0x000fffff]
[    0.000000] e820: [mem 0x80000000-0xfebfffff] available for PCI devices
[    0.000000] Booting paravirtualized kernel on KVM
[    0.000000] clocksource: refined-jiffies: mask: 0xffffffff max_cycles: 0xffffffff, max_idle_ns: 7645519600211568 ns
[    0.000000] setup_percpu: NR_CPUS:512 nr_cpumask_bits:512 nr_cpu_ids:2 nr_node_ids:1
[    0.000000] PERCPU: Embedded 33 pages/cpu @ffff88007fc00000 s98200 r8192 d28776 u1048576
[    0.000000] PV qspinlock hash table entries: 256 (order: 0, 4096 bytes)
[    0.000000] Built 1 zonelists in Node order, mobility grouping on.  Total pages: 515961
[    0.000000] Policy zone: DMA32
[    0.000000] Kernel command line: BOOT_IMAGE=/boot/vmlinuz-4.4.0-103-generic root=UUID=dd592669-1495-424f-bb4a-f218e625c930 ro console=tty1 console=ttyS0
[    0.000000] PID hash table entries: 4096 (order: 3, 32768 bytes)
[    0.000000] Memory: 2029536K/2096696K available (8485K kernel code, 1295K rwdata, 3988K rodata, 1492K init, 1316K bss, 67160K reserved, 0K cma-reserved)
[    0.000000] SLUB: HWalign=64, Order=0-3, MinObjects=0, CPUs=2, Nodes=1
[    0.000000] Hierarchical RCU implementation.
[    0.000000] 	Build-time adjustment of leaf fanout to 64.
[    0.000000] 	RCU restricting CPUs from NR_CPUS=512 to nr_cpu_ids=2.
[    0.000000] RCU: Adjusting geometry for rcu_fanout_leaf=64, nr_cpu_ids=2
[    0.000000] NR_IRQS:33024 nr_irqs:440 16
[    0.000000] Console: colour VGA+ 80x25
[    0.000000] console [tty1] enabled
[    0.000000] console [ttyS0] enabled
[    0.000000] tsc: Detected 2904.002 MHz processor
[    7.068680] Calibrating delay loop (skipped) preset value.. 5808.00 BogoMIPS (lpj=11616008)
[    7.101026] pid_max: default: 32768 minimum: 301
[    7.119317] ACPI: Core revision 20150930
[    7.213211] ACPI: 2 ACPI AML tables successfully acquired and loaded
[    7.267652] Security Framework initialized
[    7.315712] Yama: becoming mindful.
[    7.319777] AppArmor: AppArmor initialized
[    7.341962] Dentry cache hash table entries: 262144 (order: 9, 2097152 bytes)
[    7.400518] Inode-cache hash table entries: 131072 (order: 8, 1048576 bytes)
[    7.403697] Mount-cache hash table entries: 4096 (order: 3, 32768 bytes)
[    7.476603] Mountpoint-cache hash table entries: 4096 (order: 3, 32768 bytes)
[    7.547125] Initializing cgroup subsys io
[    7.549161] Initializing cgroup subsys memory
[    7.551405] Initializing cgroup subsys devices
[    7.552224] Initializing cgroup subsys freezer
[    7.581436] Initializing cgroup subsys net_cls
[    7.665182] Initializing cgroup subsys perf_event
[    7.683833] Initializing cgroup subsys net_prio
[    7.684640] Initializing cgroup subsys hugetlb
[    7.688421] Initializing cgroup subsys pids
[    7.754099] CPU: Physical Processor ID: 0
[    7.791619] CPU: Processor Core ID: 0
[    7.793443] mce: CPU supports 0 MCE banks
[    7.794337] Last level iTLB entries: 4KB 64, 2MB 8, 4MB 8
[    7.795413] Last level dTLB entries: 4KB 64, 2MB 0, 4MB 0, 1GB 4
[    7.803058] Freeing SMP alternatives memory: 32K
[    7.837834] ftrace: allocating 32158 entries in 126 pages
[    7.883265] smpboot: APIC(0) Converting physical 0 to logical package 0
[    7.884401] smpboot: Max logical packages: 1
[    7.900032] x2apic enabled
[    7.952515] Switched APIC routing to physical x2apic.
[    7.977435] ..TIMER: vector=0x30 apic1=0 pin1=2 apic2=-1 pin2=-1
[    8.087542] smpboot: CPU0: Intel(R) Core(TM) i7-7500U CPU @ 2.70GHz (family: 0x6, model: 0x8e, stepping: 0x9)
[    8.224149] Performance Events: unsupported p6 CPU model 142 no PMU driver, software events only.
[    8.336389] KVM setup paravirtual spinlock
[    8.349353] x86: Booting SMP configuration:
[    8.384089] .... node  #0, CPUs:      #1
[    8.429210] kvm-clock: cpu 1, msr 0:7ffe3041, secondary cpu clock
[    8.474548] mce: CPU supports 0 MCE banks
[    8.477024] x86: Booted up 1 node, 2 CPUs
[    8.500480] smpboot: Total of 2 processors activated (11616.00 BogoMIPS)
[    8.536631] devtmpfs: initialized
[    8.592165] evm: security.selinux
[    8.608310] evm: security.SMACK64
[    8.612937] evm: security.SMACK64EXEC
[    8.615184] evm: security.SMACK64TRANSMUTE
[    8.624787] evm: security.SMACK64MMAP
[    8.646280] evm: security.ima
[    8.670738] evm: security.capability
[    8.708980] clocksource: jiffies: mask: 0xffffffff max_cycles: 0xffffffff, max_idle_ns: 7645041785100000 ns
[    8.733019] futex hash table entries: 512 (order: 3, 32768 bytes)
[    8.769214] pinctrl core: initialized pinctrl subsystem
[    8.861256] RTC time: 13:09:23, date: 12/12/17
[    8.863586] NET: Registered protocol family 16
[    8.893159] cpuidle: using governor ladder
[    8.920730] cpuidle: using governor menu
[    8.932179] PCCT header not found.
[    8.993604] ACPI: bus type PCI registered
[    9.049547] acpiphp: ACPI Hot Plug PCI Controller Driver version: 0.5
[    9.068108] PCI: Using configuration type 1 for base access
[    9.098957] ACPI: Added _OSI(Module Device)
[    9.112773] ACPI: Added _OSI(Processor Device)
[    9.214510] ACPI: Added _OSI(3.0 _SCP Extensions)
[    9.234083] ACPI: Added _OSI(Processor Aggregator Device)
[    9.249014] ACPI: Executed 1 blocks of module-level executable AML code
[    9.314541] ACPI: Interpreter enabled
[    9.363518] ACPI: (supports S0 S5)
[    9.414759] ACPI: Using IOAPIC for interrupt routing
[    9.466875] PCI: Using host bridge windows from ACPI; if necessary, use "pci=nocrs" and report a bug
[    9.518180] ACPI: PCI Root Bridge [PCI0] (domain 0000 [bus 00-ff])
[    9.591258] acpi PNP0A03:00: _OSC: OS supports [ASPM ClockPM Segments MSI]
[    9.608056] acpi PNP0A03:00: _OSC: not requesting OS control; OS requires [ExtendedConfig ASPM ClockPM MSI]
[    9.618823] acpi PNP0A03:00: fail to add MMCONFIG information, can't access extended PCI configuration space under this bridge.
[    9.682978] PCI host bridge to bus 0000:00
[    9.683740] pci_bus 0000:00: root bus resource [io  0x0000-0x0cf7 window]
[    9.684822] pci_bus 0000:00: root bus resource [io  0x0d00-0xffff window]
[    9.765150] pci_bus 0000:00: root bus resource [mem 0x000a0000-0x000bffff window]
[    9.803726] pci_bus 0000:00: root bus resource [mem 0x80000000-0xffdfffff window]
[    9.865666] pci_bus 0000:00: root bus resource [bus 00-ff]
[    9.946909] pci 0000:00:01.1: legacy IDE quirk: reg 0x10: [io  0x01f0-0x01f7]
[    9.951878] pci 0000:00:01.1: legacy IDE quirk: reg 0x14: [io  0x03f6]
[    9.955256] pci 0000:00:01.1: legacy IDE quirk: reg 0x18: [io  0x0170-0x0177]
[    9.978865] pci 0000:00:01.1: legacy IDE quirk: reg 0x1c: [io  0x0376]
[   10.054478] pci 0000:00:07.0: quirk: [io  0x4000-0x403f] claimed by PIIX4 ACPI
[   10.079569] pci 0000:00:07.0: quirk: [io  0x4100-0x410f] claimed by PIIX4 SMB
[   10.115556] ACPI: PCI Interrupt Link [LNKA] (IRQs 5 9 10 *11)
[   10.214834] ACPI: PCI Interrupt Link [LNKB] (IRQs 5 9 10 *11)
[   10.235120] ACPI: PCI Interrupt Link [LNKC] (IRQs 5 9 *10 11)
[   10.242812] ACPI: PCI Interrupt Link [LNKD] (IRQs 5 *9 10 11)
[   10.306789] ACPI: Enabled 2 GPEs in block 00 to 07
[   10.365070] vgaarb: setting as boot device: PCI:0000:00:02.0
[   10.405978] vgaarb: device added: PCI:0000:00:02.0,decodes=io+mem,owns=io+mem,locks=none
[   10.431681] vgaarb: loaded
[   10.475346] vgaarb: bridge control possible 0000:00:02.0
[   10.548488] SCSI subsystem initialized
[   10.559910] ACPI: bus type USB registered
[   10.615807] usbcore: registered new interface driver usbfs
[   10.636745] usbcore: registered new interface driver hub
[   10.701283] usbcore: registered new device driver usb
[   10.752553] PCI: Using ACPI for IRQ routing
[   10.776894] NetLabel: Initializing
[   10.799222] NetLabel:  domain hash size = 128
[   10.800009] NetLabel:  protocols = UNLABELED CIPSOv4
[   10.835677] NetLabel:  unlabeled traffic allowed by default
[   10.883161] amd_nb: Cannot enumerate AMD northbridges
[   10.931840] clocksource: Switched to clocksource kvm-clock
[   10.973396] AppArmor: AppArmor Filesystem Enabled
[   11.034224] pnp: PnP ACPI init
[   11.060821] pnp: PnP ACPI: found 3 devices
[   11.078962] clocksource: acpi_pm: mask: 0xffffff max_cycles: 0xffffff, max_idle_ns: 2085701024 ns
[   11.131753] NET: Registered protocol family 2
[   11.150193] TCP established hash table entries: 16384 (order: 5, 131072 bytes)
[   11.281598] TCP bind hash table entries: 16384 (order: 6, 262144 bytes)
[   11.282730] TCP: Hash tables configured (established 16384 bind 16384)
[   11.283970] UDP hash table entries: 1024 (order: 3, 32768 bytes)
[   11.285185] UDP-Lite hash table entries: 1024 (order: 3, 32768 bytes)
[   11.292389] NET: Registered protocol family 1
[   11.293056] pci 0000:00:00.0: Limiting direct PCI/PCI transfers
[   11.293881] pci 0000:00:01.0: Activating ISA DMA hang workarounds
[   11.350874] Unpacking initramfs...
[   11.581121] Freeing initrd memory: 15228K
[   11.602301] platform rtc_cmos: registered platform RTC device (no PNP device found)
[   11.612549] Scanning for low memory corruption every 60 seconds
[   11.628786] audit: initializing netlink subsys (disabled)
[   11.642518] audit: type=2000 audit(1513084160.034:1): initialized
[   11.643579] Initialise system trusted keyring
[   11.646285] HugeTLB registered 2 MB page size, pre-allocated 0 pages
[   11.682948] zbud: loaded
[   11.710093] VFS: Disk quotas dquot_6.6.0
[   11.712074] VFS: Dquot-cache hash table entries: 512 (order 0, 4096 bytes)
[   11.713208] squashfs: version 4.0 (2009/01/31) Phillip Lougher
[   11.733017] fuse init (API version 7.23)
[   11.806397] Key type big_key registered
[   11.825688] Allocating IMA MOK and blacklist keyrings.
[   11.870980] Key type asymmetric registered
[   11.906565] Asymmetric key parser 'x509' registered
[   11.944719] Block layer SCSI generic (bsg) driver version 0.4 loaded (major 249)
[   12.019617] io scheduler noop registered
[   12.066571] io scheduler deadline registered (default)
[   12.110750] io scheduler cfq registered
[   12.115276] pci_hotplug: PCI Hot Plug PCI Core version: 0.5
[   12.140941] pciehp: PCI Express Hot Plug Controller Driver version: 0.4
[   12.174609] ACPI: AC Adapter [AC] (on-line)
[   12.194216] input: Power Button as /devices/LNXSYSTM:00/LNXPWRBN:00/input/input0
[   12.197322] ACPI: Power Button [PWRF]
[   12.220550] input: Sleep Button as /devices/LNXSYSTM:00/LNXSLPBN:00/input/input1
[   12.237065] ACPI: Sleep Button [SLPF]
[   12.244704] ACPI: Battery Slot [BAT0] (battery present)
[   12.271053] GHES: HEST is not enabled!
[   12.272128] Serial: 8250/16550 driver, 32 ports, IRQ sharing enabled
[   12.339881] 00:02: ttyS0 at I/O 0x3f8 (irq = 4, base_baud = 115200) is a 16550A
[   12.348727] Linux agpgart interface v0.103
[   12.361969] loop: module loaded
[   12.375034] scsi host0: ata_piix
[   12.402319] scsi host1: ata_piix
[   12.437764] ata1: PATA max UDMA/33 cmd 0x1f0 ctl 0x3f6 bmdma 0xd000 irq 14
[   12.442099] ata2: PATA max UDMA/33 cmd 0x170 ctl 0x376 bmdma 0xd008 irq 15
[   12.461088] libphy: Fixed MDIO Bus: probed
[   12.466825] tun: Universal TUN/TAP device driver, 1.6
[   12.490657] tun: (C) 1999-2004 Max Krasnyansky <maxk@qualcomm.com>
[   12.498348] PPP generic driver version 2.4.2
[   12.499329] ehci_hcd: USB 2.0 'Enhanced' Host Controller (EHCI) Driver
[   12.500582] ehci-pci: EHCI PCI platform driver
[   12.510251] ehci-platform: EHCI generic platform driver
[   12.514368] ohci_hcd: USB 1.1 'Open' Host Controller (OHCI) Driver
[   12.515477] ohci-pci: OHCI PCI platform driver
[   12.519263] ohci-platform: OHCI generic platform driver
[   12.547369] uhci_hcd: USB Universal Host Controller Interface driver
[   12.554718] i8042: PNP: PS/2 Controller [PNP0303:PS2K,PNP0f03:PS2M] at 0x60,0x64 irq 1,12
[   12.558598] serio: i8042 KBD port at 0x60,0x64 irq 1
[   12.590690] serio: i8042 AUX port at 0x60,0x64 irq 12
[   12.606394] tsc: Refined TSC clocksource calibration: 2904.139 MHz
[   12.608682] clocksource: tsc: mask: 0xffffffffffffffff max_cycles: 0x29dc88ce04d, max_idle_ns: 440795236110 ns
[   12.608743] mousedev: PS/2 mouse device common for all mice
[   12.609016] input: AT Translated Set 2 keyboard as /devices/platform/i8042/serio0/input/input2
[   12.609385] rtc_cmos rtc_cmos: rtc core: registered rtc_cmos as rtc0
[   12.609447] rtc_cmos rtc_cmos: alarms up to one day, 114 bytes nvram
[   12.609453] i2c /dev entries driver
[   12.609501] device-mapper: uevent: version 1.0.3
[   12.609553] device-mapper: ioctl: 4.34.0-ioctl (2015-10-28) initialised: dm-devel@redhat.com
[   12.609567] ledtrig-cpu: registered to indicate activity on CPUs
[   12.609815] NET: Registered protocol family 10
[   12.609912] NET: Registered protocol family 17
[   12.609920] Key type dns_resolver registered
[   12.610012] microcode: CPU0 sig=0x806e9, pf=0x8, revision=0x0
[   12.610558] microcode: CPU1 sig=0x806e9, pf=0x8, revision=0x0
[   12.610586] microcode: Microcode Update Driver: v2.01 <tigran@aivazian.fsnet.co.uk>, Peter Oruba
[   12.610700] registered taskstats version 1
[   12.610713] Loading compiled-in X.509 certificates
[   12.611217] Loaded X.509 cert 'Build time autogenerated kernel key: 6495e09daeacef0cade9c1ea2246b74b6c79cd53'
[   12.611232] zswap: loaded using pool lzo/zbud
[   12.612521] Key type trusted registered
[   12.615602] Key type encrypted registered
[   12.615608] AppArmor: AppArmor sha1 policy hashing enabled
[   12.615610] ima: No TPM chip found, activating TPM-bypass!
[   12.615625] evm: HMAC attrs: 0x1
[   12.615838]   Magic number: 13:931:179
[   12.642770] rtc_cmos rtc_cmos: setting system clock to 2017-12-12 13:09:26 UTC (1513084166)
[   12.642868] BIOS EDD facility v0.16 2004-Jun-25, 0 devices found
[   12.642869] EDD information not available.
[   13.191080] Freeing unused kernel memory: 1492K
[   13.201017] Write protecting the kernel read-only data: 14336k
[   13.233303] Freeing unused kernel memory: 1744K
[   13.242654] Freeing unused kernel memory: 108K
Loading, please wait...
starting version[   13.272249] random: systemd-udevd: uninitialized urandom read (16 bytes read, 3 bits of entropy available)
 229
[   13.272519] random: udevadm: uninitialized urandom read (16 bytes read, 3 bits of entropy available)
[   13.272543] random: udevadm: uninitialized urandom read (16 bytes read, 3 bits of entropy available)
[   13.272620] random: udevadm: uninitialized urandom read (16 bytes read, 3 bits of entropy available)
[   13.272649] random: udevadm: uninitialized urandom read (16 bytes read, 3 bits of entropy available)
[   13.272676] random: udevadm: uninitialized urandom read (16 bytes read, 3 bits of entropy available)
[   13.272702] random: udevadm: uninitialized urandom read (16 bytes read, 3 bits of entropy available)
[   13.272729] random: udevadm: uninitialized urandom read (16 bytes read, 3 bits of entropy available)
[   13.272754] random: udevadm: uninitialized urandom read (16 bytes read, 3 bits of entropy available)
[   13.272780] random: udevadm: uninitialized urandom read (16 bytes read, 3 bits of entropy available)
[   13.827616] e1000: Intel(R) PRO/1000 Network Driver - version 7.3.21-k8-NAPI
[   13.859341] e1000: Copyright (c) 1999-2006 Intel Corporation.
[   13.888225] Fusion MPT base driver 3.04.20
[   13.899781] Copyright (c) 1999-2008 LSI Corporation
[   13.919970] Fusion MPT SPI Host driver 3.04.20
[   13.946523] AVX version of gcm_enc/dec engaged.
[   13.960336] AES CTR mode by8 optimization enabled
[   14.114712] input: ImExPS/2 Generic Explorer Mouse as /devices/platform/i8042/serio1/input/input4
[   14.267732] e1000 0000:00:03.0 eth0: (PCI:33MHz:32-bit) 02:d2:3e:0e:ff:c0
[   14.299692] e1000 0000:00:03.0 eth0: Intel(R) PRO/1000 Network Connection
[   14.652667] e1000 0000:00:08.0 eth1: (PCI:33MHz:32-bit) 08:00:27:fa:b3:19
[   14.728515] e1000 0000:00:08.0 eth1: Intel(R) PRO/1000 Network Connection
[   14.758917] e1000 0000:00:03.0 enp0s3: renamed from eth0
[   14.761650] mptbase: ioc0: Initiating bringup
[   14.776417] e1000 0000:00:08.0 enp0s8: renamed from eth1
[   14.852834] ioc0: LSI53C1030 A0: Capabilities={Initiator}
[   15.069989] scsi host2: ioc0: LSI53C1030 A0, FwRev=00000000h, Ports=1, MaxQ=256, IRQ=20
[   15.228819] scsi 2:0:0:0: Direct-Access     VBOX     HARDDISK         1.0  PQ: 0 ANSI: 5
[   15.302684] scsi target2:0:0: Beginning Domain Validation
[   15.344426] scsi target2:0:0: Domain Validation skipping write tests
[   15.367122] scsi target2:0:0: Ending Domain Validation
[   15.368702] scsi target2:0:0: asynchronous
[   15.371697] scsi 2:0:1:0: Direct-Access     VBOX     HARDDISK         1.0  PQ: 0 ANSI: 5
[   15.398487] scsi target2:0:1: Beginning Domain Validation
[   15.404191] scsi target2:0:1: Domain Validation skipping write tests
[   15.426021] scsi target2:0:1: Ending Domain Validation
[   15.445623] scsi target2:0:1: asynchronous
[   15.464347] sd 2:0:0:0: [sda] 20971520 512-byte logical blocks: (10.7 GB/10.0 GiB)
[   15.464419] sd 2:0:0:0: Attached scsi generic sg0 type 0
[   15.544165] sd 2:0:0:0: [sda] Write Protect is off
[   15.565636] sd 2:0:1:0: [sdb] 20480 512-byte logical blocks: (10.5 MB/10.0 MiB)
[   15.565679] sd 2:0:1:0: Attached scsi generic sg1 type 0
[   15.717302] sd 2:0:0:0: [sda] Incomplete mode parameter data
[   15.756677] sd 2:0:0:0: [sda] Assuming drive cache: write through
[   15.761124] sd 2:0:1:0: [sdb] Write Protect is off
[   15.761179] sd 2:0:1:0: [sdb] Incomplete mode parameter data
[   15.761179] sd 2:0:1:0: [sdb] Assuming drive cache: write through
[   15.787851] sd 2:0:1:0: [sdb] Attached SCSI disk
[   16.029737]  sda: sda1
[   16.075481] sd 2:0:0:0: [sda] Attached SCSI disk
[   16.920450] floppy0: no floppy controllers found
Begin: Loading e[   18.274519] md: linear personality registered for level -1
ssential drivers ... [   18.329669] md: multipath personality registered for level -4
[   18.409384] md: raid0 personality registered for level 0
[   18.436095] md: raid1 personality registered for level 1
[   18.556108] raid6: sse2x1   gen()  9073 MB/s
[   18.652298] raid6: sse2x1   xor()  5886 MB/s
[   18.728575] raid6: sse2x2   gen()  9190 MB/s
[   18.836328] raid6: sse2x2   xor()  8066 MB/s
[   18.924092] raid6: sse2x4   gen() 13198 MB/s
[   19.011958] raid6: sse2x4   xor()  8578 MB/s
[   19.070622] raid6: using algorithm sse2x4 gen() 13198 MB/s
[   19.102442] raid6: .... xor() 8578 MB/s, rmw enabled
[   19.166120] raid6: using ssse3x2 recovery algorithm
[   19.189203] xor: automatically using best checksumming function:
[   19.284289]    avx       : 25802.000 MB/sec
[   19.299971] async_tx: api initialized (async)
[   19.353125] md: raid6 personality registered for level 6
[   19.432187] md: raid5 personality registered for level 5
[   19.445957] md: raid4 personality registered for level 4
[   19.522163] md: raid10 personality registered for level 10
done.
Begin: Running /scripts/i[   19.557138] Btrfs loaded
nit-premount ... done.
Begin: M[   19.630560] EXT4-fs (sda1): INFO: recovery required on readonly filesystem
ounting root file system ... Begin: Running /scripts/local-top .[   19.726887] EXT4-fs (sda1): write access will be enabled during recovery
.. done.
Begin: Running /scripts/local-premount ... Scanning for Btrfs filesystems
done.
Warning: fsck not present, so skipping root file system
[   19.784759] EXT4-fs (sda1): orphan cleanup on readonly fs
[   19.817489] EXT4-fs (sda1): 6 orphan inodes deleted
[   19.833599] EXT4-fs (sda1): recovery complete
[   19.834767] EXT4-fs (sda1): mounted filesystem with ordered data mode. Opts: (null)
done.
Begin: Running /scripts/local-bottom ... done.
Begin: Running /scripts/init-bottom ... done.
[   19.940774] systemd[1]: systemd 229 running in system mode. (+PAM +AUDIT +SELINUX +IMA +APPARMOR +SMACK +SYSVINIT +UTMP +LIBCRYPTSETUP +GCRYPT +GNUTLS +ACL +XZ -LZ4 +SECCOMP +BLKID +ELFUTILS +KMOD -IDN)
[   20.017319] systemd[1]: Detected virtualization oracle.
[   20.085183] systemd[1]: Detected architecture x86-64.

Welcome to [1mUbuntu 16.04.3 LTS[0m!

[   20.185645] systemd[1]: Set hostname to <ubuntu-xenial>.
[   20.311108] systemd[1]: Listening on Journal Socket (/dev/log).
[[0;32m  OK  [0m] Listening on Journal Socket (/dev/log).
[   20.468283] systemd[1]: Set up automount Arbitrary Executable File Formats File System Automount Point.
[[0;32m  OK  [0m] Set up automount Arbitrary Executab...ats File System Automount Point.
[   20.672039] systemd[1]: Listening on LVM2 poll daemon socket.
[[0;32m  OK  [0m] Listening on LVM2 poll daemon socket.
[   20.836449] systemd[1]: Listening on Syslog Socket.
[[0;32m  OK  [0m] Listening on Syslog Socket.
[   20.886495] systemd[1]: Listening on udev Control Socket.
[[0;32m  OK  [0m] Listening on udev Control Socket.
[   21.005143] systemd[1]: Created slice User and Session Slice.
[[0;32m  OK  [0m] Created slice User and Session Slice.
[   21.092876] systemd[1]: Listening on Device-mapper event daemon FIFOs.
[[0;32m  OK  [0m] Listening on Device-mapper event daemon FIFOs.
[   21.204705] systemd[1]: Created slice System Slice.
[[0;32m  OK  [0m] Created slice System Slice.
[   21.288214] systemd[1]: Reached target Swap.
[[0;32m  OK  [0m] Reached target Swap.
[   21.388209] systemd[1]: Reached target Slices.
[[0;32m  OK  [0m] Reached target Slices.
[   21.484813] systemd[1]: Started Trigger resolvconf update for networkd DNS.
[[0;32m  OK  [0m] Started Trigger resolvconf update for networkd DNS.
[   21.660644] systemd[1]: Listening on udev Kernel Socket.
[[0;32m  OK  [0m] Listening on udev Kernel Socket.
[   21.752859] systemd[1]: Listening on Journal Socket.
[[0;32m  OK  [0m] Listening on Journal Socket.
[   21.850803] random: nonblocking pool is initialized
[   21.900002] systemd[1]: Starting Load Kernel Modules...
         [   21.929589] Loading iSCSI transport class v2.0-870.
Starting Load Kernel Modules...
[   21.941968] systemd[1]: Starting Uncomplicated firewall...
         [   21.952742] iscsi: registered transport (tcp)
Starting Uncomplicated firewall...
[   21.985368] iscsi: registered transport (iser)
[   21.988154] systemd[1]: Mounting Huge Pages File System...
         Mounting Huge Pages File System...
[   22.040836] systemd[1]: Starting Nameserver information manager...
         Starting Nameserver information manager...
[   22.123991] systemd[1]: Starting Create list of required static device nodes for the current kernel...
         Starting Create list of required st... nodes for the current kernel...
[   22.316389] systemd[1]: Starting Set console keymap...
         Starting Set console keymap...
[   22.372243] systemd[1]: Mounting Debug File System...
         Mounting Debug File System...
[   22.468188] systemd[1]: Listening on /dev/initctl Compatibility Named Pipe.
[[0;32m  OK  [0m] Listening on /dev/initctl Compatibility Named Pipe.
[   22.588431] systemd[1]: Reached target User and Group Name Lookups.
[[0;32m  OK  [0m] Reached target User and Group Name Lookups.
[   22.650648] systemd[1]: Created slice system-serial\x2dgetty.slice.
[[0;32m  OK  [0m] Created slice system-serial\x2dgetty.slice.
[   22.704140] systemd[1]: Reached target Encrypted Volumes.
[[0;32m  OK  [0m] Reached target Encrypted Volumes.
[   22.766037] systemd[1]: Listening on Journal Audit Socket.
[[0;32m  OK  [0m] Listening on Journal Audit Socket.
[   22.780659] systemd[1]: Starting Journal Service...
         Starting Journal Service...
[   22.860730] systemd[1]: Starting Remount Root and Kernel File Systems...
         [   22.904613] EXT4-fs (sda1): re-mounted. Opts: (null)
Starting Remount Root and Kernel File Systems...
[   22.909243] systemd[1]: Started Forward Password Requests to Wall Directory Watch.
[[0;32m  OK  [0m] Started Forward Password Requests to Wall Directory Watch.
[   22.980574] systemd[1]: Mounting POSIX Message Queue File System...
         Mounting POSIX Message Queue File System...
[   23.019479] systemd[1]: Listening on LVM2 metadata daemon socket.
[[0;32m  OK  [0m] Listening on LVM2 metadata daemon socket.
[   23.031650] systemd[1]: Starting Monitoring of LVM2 mirrors, snapshots etc. using dmeventd or progress polling...
         Starting Monitoring of LVM2 mirrors... dmeventd or progress polling...
[   23.071765] systemd[1]: Mounted Debug File System.
[[0;32m  OK  [0m] Mounted Debug File System.
[   23.107985] systemd[1]: Mounted Huge Pages File System.
[[0;32m  OK  [0m] Mounted Huge Pages File System.
[   23.160076] systemd[1]: Mounted POSIX Message Queue File System.
[[0;32m  OK  [0m] Mounted POSIX Message Queue File System.
[   23.220306] systemd[1]: Started Journal Service.
[[0;32m  OK  [0m] Started Journal Service.
[[0;32m  OK  [0m] Started Load Kernel Modules.
[[0;32m  OK  [0m] Started Uncomplicated firewall.
[[0;32m  OK  [0m] Started Create list of required sta...ce nodes for the current kernel.
[[0;32m  OK  [0m] Started Set console keymap.
[[0;32m  OK  [0m] Started Remount Root and Kernel File Systems.
[[0;32m  OK  [0m] Started Nameserver information manager.
[[0;32m  OK  [0m] Started LVM2 metadata daemon.
         Starting udev Coldplug all Devices...
         Starting Initial cloud-init job (pre-networking)...
         Starting Load/Save Random Seed...
         Starting Create Static Device Nodes in /dev...
         Mounting FUSE Control File System...
         Starting Apply Kernel Variables...
         Starting Flush Journal to Persistent Storage...
[[0;32m  OK  [0m] Mounted FUSE Control File System.
[[0;32m  OK  [0m] Started Monitoring of LVM2 mirrors,...ng dmeventd or progress polling.
[[0;32m  OK  [0m] Started Load/Save Random Seed.
[[0;32m  OK  [0m] Started Create Static Device Nodes in /dev.
[[0;32m  OK  [0m] Started Apply Kernel Variables.
[[0;32m  OK  [0m] Started udev Coldplug all Devices.
[[0;32m  OK  [0m] Started Flush Journal to Persistent Storage.
         Starting udev Kernel Device Manager...
[[0;32m  OK  [0m] Started udev Kernel Device Manager.
[[0;32m  OK  [0m] Reached target Local File Systems (Pre).
[[0;32m  OK  [0m] Reached target Local File Systems.
         Starting Set console font and keymap...
         Starting Create Volatile Files and Directories...
         Starting LSB: AppArmor initialization...
         Starting Tell Plymouth To Write Out Runtime Data...
[[0;32m  OK  [0m] Started Dispatch Password Requests to Console Directory Watch.
[[0;32m  OK  [0m] Started Create Volatile Files and Directories.
[[0;32m  OK  [0m] Started Tell Plymouth To Write Out Runtime Data.
[[0;32m  OK  [0m] Found device /dev/ttyS0.
[[0;32m  OK  [0m] Reached target System Time Synchronized.
         Starting Update UTMP about System Boot/Shutdown...
[[0;32m  OK  [0m] Started Update UTMP about System Boot/Shutdown.
[[0;32m  OK  [0m] Started LSB: AppArmor initialization.
[[0;32m  OK  [0m] Found device 82540EM Gigabit Ethern...r (PRO/1000 MT Desktop Adapter).
[[   14.481906] cloud-init[447]: Cloud-init v. 0.7.9 running 'init-local' at Tue, 12 Dec 2017 13:09:38 +0000. Up 14.06 seconds.
[0;32m  OK  [0m] Started Set console font and keymap.
[[0;32m  OK  [0m] Found device 82540EM Gigabit Ethern...r (PRO/1000 MT Desktop Adapter).
[[0;32m  OK  [0m] Listening on Load/Save RF Kill Switch Status /dev/rfkill Watch.
[[0;32m  OK  [0m] Created slice system-getty.slice.
[[0;32m  OK  [0m] Started Initial cloud-init job (pre-networking).
[[0;32m  OK  [0m] Reached target Network (Pre).
[[0;32m  OK  [0m] Started ifup for enp0s8.
[[0;32m  OK  [0m] Started ifup for enp0s3.
         Starting Raise network interfaces...
[[0;32m  OK  [0m] Started Raise network interfaces.
         Starting Initial cloud-init job (metadata service crawler)...
[[0;32m  OK  [0m] Reached target Network.
[   17.746289] cloud-init[1049]: Cloud-init v. 0.7.9 running 'init' at Tue, 12 Dec 2017 13:09:41 +0000. Up 17.40 seconds.
[   17.805652] [cloud-init[0;32m  OK  [0m[1049]: ] ci-info: ++++++++++++++++++++++++++++++++++++++Net device info++++++++++++++++++++++++++++++++++++++Started Initial cloud-init job (metadata service crawler).

[   17.805973] cloud-init[1049]: ci-info: +--------+------+-----------------------------+---------------+-------+-------------------+
[   17.911521] [cloud-init[0;32m  OK  [0m[1049]: ] ci-info: | Device |  Up  |           Address           |      Mask     | Scope |     Hw-Address    |Reached target Network is Online.

[   17.911861] cloud-init[1049]: ci-info: +--------+------+-----------------------------+---------------+-------+-------------------+
[   18.099089]          cloud-initStarting iSCSI initiator daemon (iscsid)...[1049]: 
ci-info: | enp0s8 | True |        192.168.110.30       | 255.255.255.0 |   .   | 08:00:27:fa:b3:19 |
[   18.201986] [cloud-init[0;32m  OK  [0m[1049]: ] ci-info: | enp0s8 | True | fe80::a00:27ff:fefa:b319/64 |       .       |  link | 08:00:27:fa:b3:19 |Reached target Cloud-config availability.

[   18.202407] [cloud-init[0;32m  OK  [0m[1049]: ] ci-info: |   lo   | True |          127.0.0.1          |   255.0.0.0   |   .   |         .         |Reached target System Initialization.

[   18.356571] [[0;32m  OK  [0m] Started Daily apt download activities.
[[0;32m  OK  [0m] Listening on ACPID Listen Socket.
[[0;32m  OK  [0m] Started Timer to automatically refresh installed snaps.
cloud-init[1049]: ci-info: |   lo   | True |           ::1/128           |       .       |  host |         .         |
[   18.406344] cloud-init[1049]: ci-info: | enp0s3 | True |          10.0.2.15          | 255.255.255.0 |   .   | 02:d2:3e:0e:ff:c0 |[
[0;32m  OK  [0m] Started Timer to automatically fetch and run repair assertions.
         Starting Socket activation for snappy daemon.
[[0;32m  OK  [0m] Listening on D-Bus System Message Bus Socket.
         Starting LXD - unix socket.
[   18.407551] cloud-init[1049]: ci-info: | enp0s3 | True |  fe80::d2:3eff:fe0e:ffc0/64 |       .       |  link | 02:d2:3e:0e:ff:c0 |
[   18.557178] [[0;32m  OK  [0m] Started ACPI Events Check.
[[0;32m  OK  [0m] Reached target Paths.
[[0;32m  OK  [0m] Listening on UUID daemon activation socket.
cloud-init[1049]: ci-info: +--------+------+-----------------------------+---------------+-------+-------------------+
[   18.640157] [cloud-init[0;32m  OK  [0m[1049]: ] ci-info: ++++++++++++++++++++++++++++Route IPv4 info+++++++++++++++++++++++++++++Started Daily Cleanup of Temporary Directories.

[   18.789024] [cloud-init[0;32m  OK  [0m[1049]: ] ci-info: +-------+---------------+----------+---------------+-----------+-------+Started Daily apt upgrade and clean activities.

[[0;32m  OK  [0m] Reached target Timers.
[   18.789368] cloud-init[1049]: ci-info: | Route |  Destination  | Gateway  |    Genmask    | Interface | Flags |
[   19.029169] [cloud-init[0;32m  OK  [0m[1049]: ] ci-info: +-------+---------------+----------+---------------+-----------+-------+Listening on Socket activation for snappy daemon.

[   19.029711] [cloud-init[0;32m  OK  [0m[1049]: ] ci-info: |   0   |    0.0.0.0    | 10.0.2.2 |    0.0.0.0    |   enp0s3  |   UG  |Listening on LXD - unix socket.

[   19.113564] cloud-init[1049]: ci-info: |   1   |    10.0.2.0   | 0.0.0.0  | 255.255.255.0 |   enp0s3  |   U   |
[   19.193208] [cloud-init[0;32m  OK  [0m[1049]: ] ci-info: |   2   | 192.168.110.0 | 0.0.0.0  | 255.255.255.0 |   enp0s8  |   U   |Started iSCSI initiator daemon (iscsid).

[   19.193678] cloud-init[1049]: ci-info: +-------+---------------+----------+---------------+-----------+-------+
         Starting Login to default iSCSI targets...
[[0;32m  OK  [0m] Reached target Sockets.
[[0;32m  OK  [0m] Reached target Basic System.
         Starting Apply the settings specified in cloud-config...
[[0;32m  OK  [0m] Started D-Bus System Message Bus.
         Starting LXD - container startup/shutdown...
         Starting LSB: MD monitoring daemon...
         Starting LSB: Record successful boot for GRUB...
[[0;32m  OK  [0m] Started Unattended Upgrades Shutdown.
[[0;32m  OK  [0m] Started Regular background program processing daemon.
[[0;32m  OK  [0m] Started ACPI event daemon.
         Starting Snappy daemon...
         Starting Login Service...
         Starting OpenBSD Secure Shell server...
[[0;32m  OK  [0m] Started FUSE filesystem for LXC.
         Starting MySQL Community Server...
[[0;32m  OK  [0m] Started Deferred execution scheduler.
         Starting Accounts Service...
         Starting System Logging Service...
[   19.933266] cloud-init[1109]: Cloud-init v. 0.7.9 running 'modules:config' at Tue, 12 Dec 2017 13:09:43 +0000. Up 19.77 seconds.
         Starting /etc/rc.local Compatibility...
[[0;32m  OK  [0m] Started OpenBSD Secure Shell server.
[[0;32m  OK  [0m] Started Snappy daemon.
[[0;32m  OK  [0m] Started System Logging Service.
[[0;32m  OK  [0m] Started Apply the settings specified in cloud-config.
[[0;32m  OK  [0m] Started LXD - container startup/shutdown.
[[0;32m  OK  [0m] Started /etc/rc.local Compatibility.
[[0;32m  OK  [0m] Started Login to default iSCSI targets.
[[0;32m  OK  [0m] Started LSB: MD monitoring daemon.
[[0;32m  OK  [0m] Started LSB: Record successful boot for GRUB.
[[0;32m  OK  [0m] Started Login Service.
         Starting Authenticate and Authorize Users to Run Privileged Tasks...
[[0;32m  OK  [0m] Reached target Remote File Systems (Pre).
[[0;32m  OK  [0m] Reached target Remote File Systems.
         Starting LSB: Apache2 web server...
         Starting LSB: Set the CPU Frequency Scaling governor to "ondemand"...
         Starting LSB: automatic crash report generation...
         Starting Permit User Sessions...
         Starting LSB: daemon to balance interrupts for SMP systems...
         Starting LSB: VirtualBox Linux Additions...
         Starting Auto import assertions from block devices...
[[0;32m  OK  [0m] Started Permit User Sessions.
[[0;32m  OK  [0m] Started Auto import assertions from block devices.
[[0;32m  OK  [0m] Started Authenticate and Authorize Users to Run Privileged Tasks.
[[0;32m  OK  [0m] Started Accounts Service.
[[0;32m  OK  [0m] Started LSB: Set the CPU Frequency Scaling governor to "ondemand".
[[0;32m  OK  [0m] Created slice User Slice of ubuntu.
         Starting User Manager for UID 1000...
[[0;32m  OK  [0m] Started Session 1 of user ubuntu.
         Starting Terminate Plymouth Boot Screen...
         Starting Hold until boot process finishes up...
[[0;32m  OK  [0m] Started User Manager for UID 1000.
[[0;32m  OK  [0m] Started LSB: automatic crash report generation.
[[0;32m  OK  [0m] Started LSB: daemon to balance interrupts for SMP systems.
[[0;32m  OK  [0m] Started LSB: VirtualBox Linux Additions.
[[0;32m  OK  [0m] Started Terminate Plymouth Boot Screen.
[[0;32m  OK  [0m] Started Hold until boot process finishes up.
[[0;32m  OK  [0m] Started Serial Getty on ttyS0.
         Starting Set console scheme...
[[0;32m  OK  [0m] Started Getty on tty1.
[[0;32m  OK  [0m] Reached target Login Prompts.
[[0;32m  OK  [0m] Started Set console scheme.
[[0;32m  OK  [0m] Started MySQL Community Server.
[[0;32m  OK  [0m] Started LSB: Apache2 web server.
[[0;32m  OK  [0m] Reached target Multi-User System.
         Starting Execute cloud user/final scripts...
[[0;32m  OK  [0m] Reached target Graphical Interface.
         Starting Update UTMP about System Runlevel Changes...
[[0;32m  OK  [0m] Started Update UTMP about System Runlevel Changes.
[   22.196043] cloud-init[1436]: Cloud-init v. 0.7.9 running 'modules:final' at Tue, 12 Dec 2017 13:09:46 +0000. Up 22.08 seconds.
[[0;32m  OK  [0m] Started Execute cloud user/final scripts.
[   22.279064] cloud-init[1436]: Cloud-init v. 0.7.9 finished at Tue, 12 Dec 2017 13:09:46 +0000. Datasource DataSourceNoCloud [seed=/dev/sdb][dsmode=net].  Up 22.19 seconds
[[0;32m  OK  [0m] Reached target Cloud-init target.

Ubuntu 16.04.3 LTS ubuntu-xenial ttyS0

ubuntu-xenial login: 